{"name":"homePanel","id":"GoldTests.GoldTest:homePanel","testCaseName":"GoldTests.GoldTest","testSteps":[{"number":1,"description":"Is on login page","duration":4043,"startTime":"2021-02-16T08:23:14.505928Z[Europe/London]","screenshots":[{"screenshot":"c6384a5a1cefc1e285303f1bd80a9f9e0858f9936b2392308e6650a3526b545b.png","timeStamp":1613463797094},{"screenshot":"5ee862da99c538e00dc980560f0b2c737a7c790670923323f883d917858aa580.png","timeStamp":1613463798549}],"result":"SUCCESS","precondition":false,"level":0},{"number":2,"description":"Login as user","duration":9756,"startTime":"2021-02-16T08:23:18.549783Z[Europe/London]","screenshots":[{"screenshot":"08cbf44d2887bdb7fb94969f6662b56d0954e20f3417fa6fe687babada2eda04.png","htmlSource":"pagesource7441602041293268599.html.txt","timeStamp":1613463808304}],"exception":{"errorType":"net.thucydides.core.webdriver.exceptions.ElementShouldBeEnabledException","message":"Expected enabled element was not enabled","stackTrace":[{"classLoaderName":"app","declaringClass":"GoldPages.LoginPage","methodName":"doLogin","fileName":"LoginPage.java","lineNumber":18,"format":1},{"classLoaderName":"app","declaringClass":"GoldSteps.LoginPageSteps","methodName":"loginAsUser","fileName":"LoginPageSteps.java","lineNumber":18,"format":1},{"classLoaderName":"app","declaringClass":"GoldTests.GoldTest","methodName":"homePanel","fileName":"GoldTest.java","lineNumber":32,"format":1}],"rootCause":{"errorType":"org.openqa.selenium.TimeoutException","message":"Expected condition failed: waiting for By.xpath: //td/img to be enabled (tried for 5 second(s) with 100 milliseconds interval)","stackTrace":[{"classLoaderName":"app","declaringClass":"GoldPages.LoginPage","methodName":"doLogin","fileName":"LoginPage.java","lineNumber":18,"format":1},{"classLoaderName":"app","declaringClass":"GoldSteps.LoginPageSteps","methodName":"loginAsUser","fileName":"LoginPageSteps.java","lineNumber":18,"format":1},{"classLoaderName":"app","declaringClass":"GoldTests.GoldTest","methodName":"homePanel","fileName":"GoldTest.java","lineNumber":32,"format":1}],"rootCause":{"errorType":"org.openqa.selenium.NoSuchElementException","message":"no such element: Unable to locate element: {\"method\":\"xpath\",\"selector\":\"//td/img\"}\n  (Session info: chrome\u003d88.0.4324.150)\nFor documentation on this error, please visit: https://www.seleniumhq.org/exceptions/no_such_element.html\nBuild info: version: \u00273.141.59\u0027, revision: \u0027e82be7d358\u0027, time: \u00272018-11-14T08:17:03\u0027\nSystem info: host: \u0027Amrutas-MacBook-Pro.local\u0027, ip: \u0027fe80:0:0:0:1802:93ac:30ff:23fb%en0\u0027, os.name: \u0027Mac OS X\u0027, os.arch: \u0027x86_64\u0027, os.version: \u002710.15.7\u0027, java.version: \u002715.0.1\u0027\nDriver info: org.openqa.selenium.chrome.ChromeDriver\nCapabilities {acceptInsecureCerts: false, browserName: chrome, browserVersion: 88.0.4324.150, chrome: {chromedriverVersion: 88.0.4324.96 (68dba2d8a0b14..., userDataDir: /var/folders/v8/d5115_v577z...}, goog:chromeOptions: {debuggerAddress: localhost:58586}, javascriptEnabled: true, networkConnectionEnabled: false, pageLoadStrategy: normal, platform: MAC, platformName: MAC, proxy: Proxy(), setWindowRect: true, strictFileInteractability: false, timeouts: {implicit: 0, pageLoad: 300000, script: 30000}, unhandledPromptBehavior: dismiss and notify, webauthn:extension:largeBlob: true, webauthn:virtualAuthenticators: true}\nSession ID: a37b4594a23805300e937c4f562e31d1\n*** Element info: {Using\u003dxpath, value\u003d//td/img}","stackTrace":[{"classLoaderName":"app","declaringClass":"GoldPages.LoginPage","methodName":"doLogin","fileName":"LoginPage.java","lineNumber":18,"format":1},{"classLoaderName":"app","declaringClass":"GoldSteps.LoginPageSteps","methodName":"loginAsUser","fileName":"LoginPageSteps.java","lineNumber":18,"format":1},{"classLoaderName":"app","declaringClass":"GoldTests.GoldTest","methodName":"homePanel","fileName":"GoldTest.java","lineNumber":32,"format":1}]}}},"result":"FAILURE","precondition":false,"level":0},{"number":3,"description":"Logged in as","duration":0,"startTime":"2021-02-16T08:23:28.307031Z[Europe/London]","result":"SKIPPED","precondition":false,"level":0},{"number":4,"description":"Navigate to home panel","duration":0,"startTime":"2021-02-16T08:23:28.307939Z[Europe/London]","result":"SKIPPED","precondition":false,"level":0}],"userStory":{"id":"GoldTests.GoldTest","storyName":"Gold test","storyClassName":"GoldTests.GoldTest","path":"GoldTests","type":"story"},"featureTag":{"name":"Gold tests/Gold test","type":"story","displayName":"Gold tests/Gold test"},"title":"Home panel","tags":[{"name":"Gold tests/Gold test","type":"story","displayName":"Gold tests/Gold test"}],"startTime":"2021-02-16T08:23:14.498874Z[Europe/London]","duration":13811,"testFailureCause":{"errorType":"net.thucydides.core.webdriver.exceptions.ElementShouldBeEnabledException","message":"Expected enabled element was not enabled\nBuild info: version: \u00273.141.59\u0027, revision: \u0027e82be7d358\u0027, time: \u00272018-11-14T08:17:03\u0027\nSystem info: host: \u0027Amrutas-MacBook-Pro.local\u0027, ip: \u0027fe80:0:0:0:1802:93ac:30ff:23fb%en0\u0027, os.name: \u0027Mac OS X\u0027, os.arch: \u0027x86_64\u0027, os.version: \u002710.15.7\u0027, java.version: \u002715.0.1\u0027\nDriver info: driver.version: unknown","stackTrace":[{"classLoaderName":"app","declaringClass":"GoldPages.LoginPage","methodName":"doLogin","fileName":"LoginPage.java","lineNumber":18,"format":1},{"classLoaderName":"app","declaringClass":"GoldSteps.LoginPageSteps","methodName":"loginAsUser","fileName":"LoginPageSteps.java","lineNumber":18,"format":1},{"classLoaderName":"app","declaringClass":"GoldTests.GoldTest","methodName":"homePanel","fileName":"GoldTest.java","lineNumber":32,"format":1}]},"testFailureClassname":"net.thucydides.core.webdriver.exceptions.ElementShouldBeEnabledException","testFailureMessage":"Expected enabled element was not enabled\nBuild info: version: \u00273.141.59\u0027, revision: \u0027e82be7d358\u0027, time: \u00272018-11-14T08:17:03\u0027\nSystem info: host: \u0027Amrutas-MacBook-Pro.local\u0027, ip: \u0027fe80:0:0:0:1802:93ac:30ff:23fb%en0\u0027, os.name: \u0027Mac OS X\u0027, os.arch: \u0027x86_64\u0027, os.version: \u002710.15.7\u0027, java.version: \u002715.0.1\u0027\nDriver info: driver.version: unknown","testFailureSummary":"FAILURE;net.thucydides.core.webdriver.exceptions.ElementShouldBeEnabledException;Expected enabled element was not enabled\nBuild info: version: \u00273.141.59\u0027, revision: \u0027e82be7d358\u0027, time: \u00272018-11-14T08:17:03\u0027\nSystem info: host: \u0027Amrutas-MacBook-Pro.local\u0027, ip: \u0027fe80:0:0:0:1802:93ac:30ff:23fb%en0\u0027, os.name: \u0027Mac OS X\u0027, os.arch: \u0027x86_64\u0027, os.version: \u002710.15.7\u0027, java.version: \u002715.0.1\u0027\nDriver info: driver.version: unknown;LoginPage.java","projectKey":"","annotatedResult":"FAILURE","sessionId":"a37b4594a23805300e937c4f562e31d1","driver":"chrome","isManualTestingUpToDate":false,"manual":false,"testSource":"JUnit","order":0,"result":"FAILURE"}